# JRE version: Java(TM) SE Runtime Environment (8.0_231-b11) (build 1.8.0_231-b11)
# Java VM: Java HotSpot(TM) 64-Bit Server VM (25.231-b11 mixed mode windows-amd64 compressed oops)
Heap:
 PSYoungGen      total 266240K, used 87290K [0x00000000eab00000, 0x0000000100000000, 0x0000000100000000)
  eden space 216064K, 26% used [0x00000000eab00000,0x00000000ee20e440,0x00000000f7e00000)
  from space 50176K, 61% used [0x00000000fcf00000,0x00000000fed30470,0x0000000100000000)
  to   space 66560K, 0% used [0x00000000f7e00000,0x00000000f7e00000,0x00000000fbf00000)
 ParOldGen       total 236544K, used 172549K [0x00000000c0000000, 0x00000000ce700000, 0x00000000eab00000)
  object space 236544K, 72% used [0x00000000c0000000,0x00000000ca881468,0x00000000ce700000)
 Metaspace       used 136787K, capacity 140641K, committed 140928K, reserved 1171456K
  class space    used 17291K, capacity 18197K, committed 18304K, reserved 1048576K
GC Heap History (10 events):
Event: 62.583 GC heap before
{Heap before GC invocations=23 (full 5):
 PSYoungGen      total 290304K, used 27272K [0x00000000eab00000, 0x0000000100000000, 0x0000000100000000)
  eden space 247808K, 0% used [0x00000000eab00000,0x00000000eab00000,0x00000000f9d00000)
  from space 42496K, 64% used [0x00000000fd680000,0x00000000ff122148,0x0000000100000000)
  to   space 50688K, 0% used [0x00000000f9d00000,0x00000000f9d00000,0x00000000fce80000)
 ParOldGen       total 161280K, used 137254K [0x00000000c0000000, 0x00000000c9d80000, 0x00000000eab00000)
  object space 161280K, 85% used [0x00000000c0000000,0x00000000c8609b68,0x00000000c9d80000)
 Metaspace       used 115407K, capacity 118465K, committed 118656K, reserved 1153024K
  class space    used 14950K, capacity 15677K, committed 15744K, reserved 1048576K
Event: 63.311 GC heap after
Heap after GC invocations=23 (full 5):
 PSYoungGen      total 290304K, used 0K [0x00000000eab00000, 0x0000000100000000, 0x0000000100000000)
  eden space 247808K, 0% used [0x00000000eab00000,0x00000000eab00000,0x00000000f9d00000)
  from space 42496K, 0% used [0x00000000fd680000,0x00000000fd680000,0x0000000100000000)
  to   space 50688K, 0% used [0x00000000f9d00000,0x00000000f9d00000,0x00000000fce80000)
 ParOldGen       total 236544K, used 127743K [0x00000000c0000000, 0x00000000ce700000, 0x00000000eab00000)
  object space 236544K, 54% used [0x00000000c0000000,0x00000000c7cbff98,0x00000000ce700000)
 Metaspace       used 115407K, capacity 118465K, committed 118656K, reserved 1153024K
  class space    used 14950K, capacity 15677K, committed 15744K, reserved 1048576K
}
Event: 71.973 GC heap before
{Heap before GC invocations=24 (full 5):
 PSYoungGen      total 290304K, used 247808K [0x00000000eab00000, 0x0000000100000000, 0x0000000100000000)
  eden space 247808K, 100% used [0x00000000eab00000,0x00000000f9d00000,0x00000000f9d00000)
  from space 42496K, 0% used [0x00000000fd680000,0x00000000fd680000,0x0000000100000000)
  to   space 50688K, 0% used [0x00000000f9d00000,0x00000000f9d00000,0x00000000fce80000)
 ParOldGen       total 236544K, used 127743K [0x00000000c0000000, 0x00000000ce700000, 0x00000000eab00000)
  object space 236544K, 54% used [0x00000000c0000000,0x00000000c7cbff98,0x00000000ce700000)
 Metaspace       used 116879K, capacity 120311K, committed 120320K, reserved 1153024K
  class space    used 15086K, capacity 15868K, committed 15872K, reserved 1048576K
Event: 72.020 GC heap after
Heap after GC invocations=24 (full 5):
 PSYoungGen      total 298496K, used 18524K [0x00000000eab00000, 0x0000000100000000, 0x0000000100000000)
  eden space 247808K, 0% used [0x00000000eab00000,0x00000000eab00000,0x00000000f9d00000)
  from space 50688K, 36% used [0x00000000f9d00000,0x00000000faf17378,0x00000000fce80000)
  to   space 48128K, 0% used [0x00000000fd100000,0x00000000fd100000,0x0000000100000000)
 ParOldGen       total 236544K, used 127751K [0x00000000c0000000, 0x00000000ce700000, 0x00000000eab00000)
  object space 236544K, 54% used [0x00000000c0000000,0x00000000c7cc1f98,0x00000000ce700000)
 Metaspace       used 116879K, capacity 120311K, committed 120320K, reserved 1153024K
  class space    used 15086K, capacity 15868K, committed 15872K, reserved 1048576K
}
Event: 79.959 GC heap before
{Heap before GC invocations=25 (full 5):
 PSYoungGen      total 298496K, used 266332K [0x00000000eab00000, 0x0000000100000000, 0x0000000100000000)
  eden space 247808K, 100% used [0x00000000eab00000,0x00000000f9d00000,0x00000000f9d00000)
  from space 50688K, 36% used [0x00000000f9d00000,0x00000000faf17378,0x00000000fce80000)
  to   space 48128K, 0% used [0x00000000fd100000,0x00000000fd100000,0x0000000100000000)
 ParOldGen       total 236544K, used 127751K [0x00000000c0000000, 0x00000000ce700000, 0x00000000eab00000)
  object space 236544K, 54% used [0x00000000c0000000,0x00000000c7cc1f98,0x00000000ce700000)
 Metaspace       used 124719K, capacity 128319K, committed 128640K, reserved 1161216K
  class space    used 16125K, capacity 16982K, committed 17024K, reserved 1048576K
Event: 80.044 GC heap after
Heap after GC invocations=25 (full 5):
 PSYoungGen      total 296960K, used 33440K [0x00000000eab00000, 0x0000000100000000, 0x0000000100000000)
  eden space 248832K, 0% used [0x00000000eab00000,0x00000000eab00000,0x00000000f9e00000)
  from space 48128K, 69% used [0x00000000fd100000,0x00000000ff1a80f8,0x0000000100000000)
  to   space 50176K, 0% used [0x00000000f9e00000,0x00000000f9e00000,0x00000000fcf00000)
 ParOldGen       total 236544K, used 127759K [0x00000000c0000000, 0x00000000ce700000, 0x00000000eab00000)
  object space 236544K, 54% used [0x00000000c0000000,0x00000000c7cc3f98,0x00000000ce700000)
 Metaspace       used 124719K, capacity 128319K, committed 128640K, reserved 1161216K
  class space    used 16125K, capacity 16982K, committed 17024K, reserved 1048576K
}
Event: 83.641 GC heap before
{Heap before GC invocations=26 (full 5):
 PSYoungGen      total 296960K, used 282272K [0x00000000eab00000, 0x0000000100000000, 0x0000000100000000)
  eden space 248832K, 100% used [0x00000000eab00000,0x00000000f9e00000,0x00000000f9e00000)
  from space 48128K, 69% used [0x00000000fd100000,0x00000000ff1a80f8,0x0000000100000000)
  to   space 50176K, 0% used [0x00000000f9e00000,0x00000000f9e00000,0x00000000fcf00000)
 ParOldGen       total 236544K, used 127759K [0x00000000c0000000, 0x00000000ce700000, 0x00000000eab00000)
  object space 236544K, 54% used [0x00000000c0000000,0x00000000c7cc3f98,0x00000000ce700000)
 Metaspace       used 126354K, capacity 129999K, committed 130432K, reserved 1163264K
  class space    used 16351K, capacity 17180K, committed 17280K, reserved 1048576K
Event: 83.790 GC heap after
Heap after GC invocations=26 (full 5):
 PSYoungGen      total 299008K, used 50163K [0x00000000eab00000, 0x0000000100000000, 0x0000000100000000)
  eden space 248832K, 0% used [0x00000000eab00000,0x00000000eab00000,0x00000000f9e00000)
  from space 50176K, 99% used [0x00000000f9e00000,0x00000000fcefce40,0x00000000fcf00000)
  to   space 50176K, 0% used [0x00000000fcf00000,0x00000000fcf00000,0x0000000100000000)
 ParOldGen       total 236544K, used 157969K [0x00000000c0000000, 0x00000000ce700000, 0x00000000eab00000)
  object space 236544K, 66% used [0x00000000c0000000,0x00000000c9a44518,0x00000000ce700000)
 Metaspace       used 126354K, capacity 129999K, committed 130432K, reserved 1163264K
  class space    used 16351K, capacity 17180K, committed 17280K, reserved 1048576K
}
Event: 90.863 GC heap before
{Heap before GC invocations=27 (full 5):
 PSYoungGen      total 299008K, used 298995K [0x00000000eab00000, 0x0000000100000000, 0x0000000100000000)
  eden space 248832K, 100% used [0x00000000eab00000,0x00000000f9e00000,0x00000000f9e00000)
  from space 50176K, 99% used [0x00000000f9e00000,0x00000000fcefce40,0x00000000fcf00000)
  to   space 50176K, 0% used [0x00000000fcf00000,0x00000000fcf00000,0x0000000100000000)
 ParOldGen       total 236544K, used 157969K [0x00000000c0000000, 0x00000000ce700000, 0x00000000eab00000)
  object space 236544K, 66% used [0x00000000c0000000,0x00000000c9a44518,0x00000000ce700000)
 Metaspace       used 136755K, capacity 140577K, committed 140928K, reserved 1171456K
  class space    used 17291K, capacity 18197K, committed 18304K, reserved 1048576K
Event: 90.941 GC heap after
Heap after GC invocations=27 (full 5):
 PSYoungGen      total 266240K, used 30913K [0x00000000eab00000, 0x0000000100000000, 0x0000000100000000)
  eden space 216064K, 0% used [0x00000000eab00000,0x00000000eab00000,0x00000000f7e00000)
  from space 50176K, 61% used [0x00000000fcf00000,0x00000000fed30470,0x0000000100000000)
  to   space 66560K, 0% used [0x00000000f7e00000,0x00000000f7e00000,0x00000000fbf00000)
 ParOldGen       total 236544K, used 172549K [0x00000000c0000000, 0x00000000ce700000, 0x00000000eab00000)
  object space 236544K, 72% used [0x00000000c0000000,0x00000000ca881468,0x00000000ce700000)
 Metaspace       used 136755K, capacity 140577K, committed 140928K, reserved 1171456K
  class space    used 17291K, capacity 18197K, committed 18304K, reserved 1048576K
}

