# JRE version: Java(TM) SE Runtime Environment (8.0_231-b11) (build 1.8.0_231-b11)
# Java VM: Java HotSpot(TM) 64-Bit Server VM (25.231-b11 mixed mode windows-amd64 compressed oops)
Heap:
 PSYoungGen      total 261632K, used 84950K [0x00000000eab00000, 0x0000000100000000, 0x0000000100000000)
  eden space 197632K, 42% used [0x00000000eab00000,0x00000000efdf5a00,0x00000000f6c00000)
  from space 64000K, 0% used [0x00000000f6c00000,0x00000000f6c00000,0x00000000faa80000)
  to   space 72704K, 0% used [0x00000000fb900000,0x00000000fb900000,0x0000000100000000)
 ParOldGen       total 168448K, used 87810K [0x00000000c0000000, 0x00000000ca480000, 0x00000000eab00000)
  object space 168448K, 52% used [0x00000000c0000000,0x00000000c55c0a90,0x00000000ca480000)
 Metaspace       used 139023K, capacity 143041K, committed 143232K, reserved 1173504K
  class space    used 17535K, capacity 18435K, committed 18560K, reserved 1048576K
GC Heap History (10 events):
Event: 75.634 GC heap before
{Heap before GC invocations=31 (full 4):
 PSYoungGen      total 238592K, used 217624K [0x00000000eab00000, 0x00000000fc300000, 0x0000000100000000)
  eden space 192512K, 100% used [0x00000000eab00000,0x00000000f6700000,0x00000000f6700000)
  from space 46080K, 54% used [0x00000000f9600000,0x00000000fae86288,0x00000000fc300000)
  to   space 47104K, 0% used [0x00000000f6700000,0x00000000f6700000,0x00000000f9500000)
 ParOldGen       total 168448K, used 125849K [0x00000000c0000000, 0x00000000ca480000, 0x00000000eab00000)
  object space 168448K, 74% used [0x00000000c0000000,0x00000000c7ae6410,0x00000000ca480000)
 Metaspace       used 117709K, capacity 121207K, committed 121472K, reserved 1155072K
  class space    used 15156K, capacity 15946K, committed 16000K, reserved 1048576K
Event: 75.722 GC heap after
Heap after GC invocations=31 (full 4):
 PSYoungGen      total 239616K, used 35681K [0x00000000eab00000, 0x00000000fdc00000, 0x0000000100000000)
  eden space 192512K, 0% used [0x00000000eab00000,0x00000000eab00000,0x00000000f6700000)
  from space 47104K, 75% used [0x00000000f6700000,0x00000000f89d8550,0x00000000f9500000)
  to   space 50688K, 0% used [0x00000000faa80000,0x00000000faa80000,0x00000000fdc00000)
 ParOldGen       total 168448K, used 125857K [0x00000000c0000000, 0x00000000ca480000, 0x00000000eab00000)
  object space 168448K, 74% used [0x00000000c0000000,0x00000000c7ae8410,0x00000000ca480000)
 Metaspace       used 117709K, capacity 121207K, committed 121472K, reserved 1155072K
  class space    used 15156K, capacity 15946K, committed 16000K, reserved 1048576K
}
Event: 87.870 GC heap before
{Heap before GC invocations=32 (full 4):
 PSYoungGen      total 239616K, used 228193K [0x00000000eab00000, 0x00000000fdc00000, 0x0000000100000000)
  eden space 192512K, 100% used [0x00000000eab00000,0x00000000f6700000,0x00000000f6700000)
  from space 47104K, 75% used [0x00000000f6700000,0x00000000f89d8550,0x00000000f9500000)
  to   space 50688K, 0% used [0x00000000faa80000,0x00000000faa80000,0x00000000fdc00000)
 ParOldGen       total 168448K, used 125857K [0x00000000c0000000, 0x00000000ca480000, 0x00000000eab00000)
  object space 168448K, 74% used [0x00000000c0000000,0x00000000c7ae8410,0x00000000ca480000)
 Metaspace       used 126092K, capacity 129725K, committed 130176K, reserved 1163264K
  class space    used 16353K, capacity 17191K, committed 17280K, reserved 1048576K
Event: 87.978 GC heap after
Heap after GC invocations=32 (full 4):
 PSYoungGen      total 248320K, used 50659K [0x00000000eab00000, 0x00000000ff500000, 0x0000000100000000)
  eden space 197632K, 0% used [0x00000000eab00000,0x00000000eab00000,0x00000000f6c00000)
  from space 50688K, 99% used [0x00000000faa80000,0x00000000fdbf8e78,0x00000000fdc00000)
  to   space 64000K, 0% used [0x00000000f6c00000,0x00000000f6c00000,0x00000000faa80000)
 ParOldGen       total 168448K, used 140368K [0x00000000c0000000, 0x00000000ca480000, 0x00000000eab00000)
  object space 168448K, 83% used [0x00000000c0000000,0x00000000c89141a0,0x00000000ca480000)
 Metaspace       used 126092K, capacity 129725K, committed 130176K, reserved 1163264K
  class space    used 16353K, capacity 17191K, committed 17280K, reserved 1048576K
}
Event: 93.806 GC heap before
{Heap before GC invocations=33 (full 4):
 PSYoungGen      total 248320K, used 248291K [0x00000000eab00000, 0x00000000ff500000, 0x0000000100000000)
  eden space 197632K, 100% used [0x00000000eab00000,0x00000000f6c00000,0x00000000f6c00000)
  from space 50688K, 99% used [0x00000000faa80000,0x00000000fdbf8e78,0x00000000fdc00000)
  to   space 64000K, 0% used [0x00000000f6c00000,0x00000000f6c00000,0x00000000faa80000)
 ParOldGen       total 168448K, used 140368K [0x00000000c0000000, 0x00000000ca480000, 0x00000000eab00000)
  object space 168448K, 83% used [0x00000000c0000000,0x00000000c89141a0,0x00000000ca480000)
 Metaspace       used 126519K, capacity 130109K, committed 130432K, reserved 1163264K
  class space    used 16381K, capacity 17191K, committed 17280K, reserved 1048576K
Event: 93.938 GC heap after
Heap after GC invocations=33 (full 4):
 PSYoungGen      total 261632K, used 57756K [0x00000000eab00000, 0x0000000100000000, 0x0000000100000000)
  eden space 197632K, 0% used [0x00000000eab00000,0x00000000eab00000,0x00000000f6c00000)
  from space 64000K, 90% used [0x00000000f6c00000,0x00000000fa4670d0,0x00000000faa80000)
  to   space 72704K, 0% used [0x00000000fb900000,0x00000000fb900000,0x0000000100000000)
 ParOldGen       total 168448K, used 163538K [0x00000000c0000000, 0x00000000ca480000, 0x00000000eab00000)
  object space 168448K, 97% used [0x00000000c0000000,0x00000000c9fb4960,0x00000000ca480000)
 Metaspace       used 126519K, capacity 130109K, committed 130432K, reserved 1163264K
  class space    used 16381K, capacity 17191K, committed 17280K, reserved 1048576K
}
Event: 93.938 GC heap before
{Heap before GC invocations=34 (full 5):
 PSYoungGen      total 261632K, used 57756K [0x00000000eab00000, 0x0000000100000000, 0x0000000100000000)
  eden space 197632K, 0% used [0x00000000eab00000,0x00000000eab00000,0x00000000f6c00000)
  from space 64000K, 90% used [0x00000000f6c00000,0x00000000fa4670d0,0x00000000faa80000)
  to   space 72704K, 0% used [0x00000000fb900000,0x00000000fb900000,0x0000000100000000)
 ParOldGen       total 168448K, used 163538K [0x00000000c0000000, 0x00000000ca480000, 0x00000000eab00000)
  object space 168448K, 97% used [0x00000000c0000000,0x00000000c9fb4960,0x00000000ca480000)
 Metaspace       used 126519K, capacity 130109K, committed 130432K, reserved 1163264K
  class space    used 16381K, capacity 17191K, committed 17280K, reserved 1048576K
Event: 95.191 GC heap after
Heap after GC invocations=34 (full 5):
 PSYoungGen      total 261632K, used 19447K [0x00000000eab00000, 0x0000000100000000, 0x0000000100000000)
  eden space 197632K, 0% used [0x00000000eab00000,0x00000000eab00000,0x00000000f6c00000)
  from space 64000K, 30% used [0x00000000f6c00000,0x00000000f7efdcf8,0x00000000faa80000)
  to   space 72704K, 0% used [0x00000000fb900000,0x00000000fb900000,0x0000000100000000)
 ParOldGen       total 168448K, used 168143K [0x00000000c0000000, 0x00000000ca480000, 0x00000000eab00000)
  object space 168448K, 99% used [0x00000000c0000000,0x00000000ca433c80,0x00000000ca480000)
 Metaspace       used 126519K, capacity 130109K, committed 130432K, reserved 1163264K
  class space    used 16381K, capacity 17191K, committed 17280K, reserved 1048576K
}
Event: 108.114 GC heap before
{Heap before GC invocations=35 (full 6):
 PSYoungGen      total 261632K, used 217079K [0x00000000eab00000, 0x0000000100000000, 0x0000000100000000)
  eden space 197632K, 100% used [0x00000000eab00000,0x00000000f6c00000,0x00000000f6c00000)
  from space 64000K, 30% used [0x00000000f6c00000,0x00000000f7efdcf8,0x00000000faa80000)
  to   space 72704K, 0% used [0x00000000fb900000,0x00000000fb900000,0x0000000100000000)
 ParOldGen       total 168448K, used 168143K [0x00000000c0000000, 0x00000000ca480000, 0x00000000eab00000)
  object space 168448K, 99% used [0x00000000c0000000,0x00000000ca433c80,0x00000000ca480000)
 Metaspace       used 138506K, capacity 142313K, committed 142592K, reserved 1173504K
  class space    used 17468K, capacity 18345K, committed 18432K, reserved 1048576K
Event: 108.465 GC heap after
Heap after GC invocations=35 (full 6):
 PSYoungGen      total 261632K, used 0K [0x00000000eab00000, 0x0000000100000000, 0x0000000100000000)
  eden space 197632K, 0% used [0x00000000eab00000,0x00000000eab00000,0x00000000f6c00000)
  from space 64000K, 0% used [0x00000000f6c00000,0x00000000f6c00000,0x00000000faa80000)
  to   space 72704K, 0% used [0x00000000fb900000,0x00000000fb900000,0x0000000100000000)
 ParOldGen       total 168448K, used 87810K [0x00000000c0000000, 0x00000000ca480000, 0x00000000eab00000)
  object space 168448K, 52% used [0x00000000c0000000,0x00000000c55c0a90,0x00000000ca480000)
 Metaspace       used 138505K, capacity 142311K, committed 142592K, reserved 1173504K
  class space    used 17468K, capacity 18344K, committed 18432K, reserved 1048576K
}

