# JRE version: Java(TM) SE Runtime Environment (8.0_231-b11) (build 1.8.0_231-b11)
# Java VM: Java HotSpot(TM) 64-Bit Server VM (25.231-b11 mixed mode windows-amd64 compressed oops)
Heap:
 PSYoungGen      total 34816K, used 21723K [0x00000000eab00000, 0x00000000ed700000, 0x0000000100000000)
  eden space 29696K, 63% used [0x00000000eab00000,0x00000000ebd51458,0x00000000ec800000)
  from space 5120K, 57% used [0x00000000ecc80000,0x00000000ecf65920,0x00000000ed180000)
  to   space 4608K, 0% used [0x00000000ec800000,0x00000000ec800000,0x00000000ecc80000)
 ParOldGen       total 27648K, used 14399K [0x00000000c0000000, 0x00000000c1b00000, 0x00000000eab00000)
  object space 27648K, 52% used [0x00000000c0000000,0x00000000c0e0fd40,0x00000000c1b00000)
 Metaspace       used 34207K, capacity 35006K, committed 35072K, reserved 1079296K
  class space    used 4857K, capacity 5083K, committed 5120K, reserved 1048576K
GC Heap History (10 events):
Event: 42.833 GC heap before
{Heap before GC invocations=15 (full 1):
 PSYoungGen      total 21504K, used 19384K [0x00000000eab00000, 0x00000000eca00000, 0x0000000100000000)
  eden space 16384K, 100% used [0x00000000eab00000,0x00000000ebb00000,0x00000000ebb00000)
  from space 5120K, 58% used [0x00000000ebb00000,0x00000000ebdee398,0x00000000ec000000)
  to   space 5120K, 0% used [0x00000000ec500000,0x00000000ec500000,0x00000000eca00000)
 ParOldGen       total 27648K, used 8727K [0x00000000c0000000, 0x00000000c1b00000, 0x00000000eab00000)
  object space 27648K, 31% used [0x00000000c0000000,0x00000000c0885d10,0x00000000c1b00000)
 Metaspace       used 27116K, capacity 27636K, committed 27776K, reserved 1073152K
  class space    used 3787K, capacity 3961K, committed 3968K, reserved 1048576K
Event: 42.840 GC heap after
Heap after GC invocations=15 (full 1):
 PSYoungGen      total 26624K, used 3803K [0x00000000eab00000, 0x00000000eca80000, 0x0000000100000000)
  eden space 21504K, 0% used [0x00000000eab00000,0x00000000eab00000,0x00000000ec000000)
  from space 5120K, 74% used [0x00000000ec500000,0x00000000ec8b6d70,0x00000000eca00000)
  to   space 5120K, 0% used [0x00000000ec000000,0x00000000ec000000,0x00000000ec500000)
 ParOldGen       total 27648K, used 8735K [0x00000000c0000000, 0x00000000c1b00000, 0x00000000eab00000)
  object space 27648K, 31% used [0x00000000c0000000,0x00000000c0887d10,0x00000000c1b00000)
 Metaspace       used 27116K, capacity 27636K, committed 27776K, reserved 1073152K
  class space    used 3787K, capacity 3961K, committed 3968K, reserved 1048576K
}
Event: 43.698 GC heap before
{Heap before GC invocations=16 (full 1):
 PSYoungGen      total 26624K, used 25307K [0x00000000eab00000, 0x00000000eca80000, 0x0000000100000000)
  eden space 21504K, 100% used [0x00000000eab00000,0x00000000ec000000,0x00000000ec000000)
  from space 5120K, 74% used [0x00000000ec500000,0x00000000ec8b6d70,0x00000000eca00000)
  to   space 5120K, 0% used [0x00000000ec000000,0x00000000ec000000,0x00000000ec500000)
 ParOldGen       total 27648K, used 8735K [0x00000000c0000000, 0x00000000c1b00000, 0x00000000eab00000)
  object space 27648K, 31% used [0x00000000c0000000,0x00000000c0887d10,0x00000000c1b00000)
 Metaspace       used 28753K, capacity 29312K, committed 29568K, reserved 1075200K
  class space    used 4064K, capacity 4219K, committed 4224K, reserved 1048576K
Event: 43.705 GC heap after
Heap after GC invocations=16 (full 1):
 PSYoungGen      total 26624K, used 2621K [0x00000000eab00000, 0x00000000ed180000, 0x0000000100000000)
  eden space 21504K, 0% used [0x00000000eab00000,0x00000000eab00000,0x00000000ec000000)
  from space 5120K, 51% used [0x00000000ec000000,0x00000000ec28f680,0x00000000ec500000)
  to   space 5120K, 0% used [0x00000000ecc80000,0x00000000ecc80000,0x00000000ed180000)
 ParOldGen       total 27648K, used 10979K [0x00000000c0000000, 0x00000000c1b00000, 0x00000000eab00000)
  object space 27648K, 39% used [0x00000000c0000000,0x00000000c0ab8d30,0x00000000c1b00000)
 Metaspace       used 28753K, capacity 29312K, committed 29568K, reserved 1075200K
  class space    used 4064K, capacity 4219K, committed 4224K, reserved 1048576K
}
Event: 44.442 GC heap before
{Heap before GC invocations=17 (full 1):
 PSYoungGen      total 26624K, used 24125K [0x00000000eab00000, 0x00000000ed180000, 0x0000000100000000)
  eden space 21504K, 100% used [0x00000000eab00000,0x00000000ec000000,0x00000000ec000000)
  from space 5120K, 51% used [0x00000000ec000000,0x00000000ec28f680,0x00000000ec500000)
  to   space 5120K, 0% used [0x00000000ecc80000,0x00000000ecc80000,0x00000000ed180000)
 ParOldGen       total 27648K, used 10979K [0x00000000c0000000, 0x00000000c1b00000, 0x00000000eab00000)
  object space 27648K, 39% used [0x00000000c0000000,0x00000000c0ab8d30,0x00000000c1b00000)
 Metaspace       used 30170K, capacity 30716K, committed 30976K, reserved 1075200K
  class space    used 4299K, capacity 4491K, committed 4608K, reserved 1048576K
Event: 44.447 GC heap after
Heap after GC invocations=17 (full 1):
 PSYoungGen      total 34304K, used 1778K [0x00000000eab00000, 0x00000000ed180000, 0x0000000100000000)
  eden space 29184K, 0% used [0x00000000eab00000,0x00000000eab00000,0x00000000ec780000)
  from space 5120K, 34% used [0x00000000ecc80000,0x00000000ece3c9d0,0x00000000ed180000)
  to   space 5120K, 0% used [0x00000000ec780000,0x00000000ec780000,0x00000000ecc80000)
 ParOldGen       total 27648K, used 11983K [0x00000000c0000000, 0x00000000c1b00000, 0x00000000eab00000)
  object space 27648K, 43% used [0x00000000c0000000,0x00000000c0bb3cf0,0x00000000c1b00000)
 Metaspace       used 30170K, capacity 30716K, committed 30976K, reserved 1075200K
  class space    used 4299K, capacity 4491K, committed 4608K, reserved 1048576K
}
Event: 46.393 GC heap before
{Heap before GC invocations=18 (full 1):
 PSYoungGen      total 34304K, used 30962K [0x00000000eab00000, 0x00000000ed180000, 0x0000000100000000)
  eden space 29184K, 100% used [0x00000000eab00000,0x00000000ec780000,0x00000000ec780000)
  from space 5120K, 34% used [0x00000000ecc80000,0x00000000ece3c9d0,0x00000000ed180000)
  to   space 5120K, 0% used [0x00000000ec780000,0x00000000ec780000,0x00000000ecc80000)
 ParOldGen       total 27648K, used 11983K [0x00000000c0000000, 0x00000000c1b00000, 0x00000000eab00000)
  object space 27648K, 43% used [0x00000000c0000000,0x00000000c0bb3cf0,0x00000000c1b00000)
 Metaspace       used 32109K, capacity 32756K, committed 32896K, reserved 1077248K
  class space    used 4484K, capacity 4677K, committed 4736K, reserved 1048576K
Event: 46.401 GC heap after
Heap after GC invocations=18 (full 1):
 PSYoungGen      total 34304K, used 3070K [0x00000000eab00000, 0x00000000ed180000, 0x0000000100000000)
  eden space 29184K, 0% used [0x00000000eab00000,0x00000000eab00000,0x00000000ec780000)
  from space 5120K, 59% used [0x00000000ec780000,0x00000000eca7fb90,0x00000000ecc80000)
  to   space 5120K, 0% used [0x00000000ecc80000,0x00000000ecc80000,0x00000000ed180000)
 ParOldGen       total 27648K, used 12355K [0x00000000c0000000, 0x00000000c1b00000, 0x00000000eab00000)
  object space 27648K, 44% used [0x00000000c0000000,0x00000000c0c10d10,0x00000000c1b00000)
 Metaspace       used 32109K, capacity 32756K, committed 32896K, reserved 1077248K
  class space    used 4484K, capacity 4677K, committed 4736K, reserved 1048576K
}
Event: 47.497 GC heap before
{Heap before GC invocations=19 (full 1):
 PSYoungGen      total 34304K, used 32254K [0x00000000eab00000, 0x00000000ed180000, 0x0000000100000000)
  eden space 29184K, 100% used [0x00000000eab00000,0x00000000ec780000,0x00000000ec780000)
  from space 5120K, 59% used [0x00000000ec780000,0x00000000eca7fb90,0x00000000ecc80000)
  to   space 5120K, 0% used [0x00000000ecc80000,0x00000000ecc80000,0x00000000ed180000)
 ParOldGen       total 27648K, used 12355K [0x00000000c0000000, 0x00000000c1b00000, 0x00000000eab00000)
  object space 27648K, 44% used [0x00000000c0000000,0x00000000c0c10d10,0x00000000c1b00000)
 Metaspace       used 33663K, capacity 34336K, committed 34432K, reserved 1079296K
  class space    used 4746K, capacity 4945K, committed 4992K, reserved 1048576K
Event: 47.506 GC heap after
Heap after GC invocations=19 (full 1):
 PSYoungGen      total 34816K, used 2966K [0x00000000eab00000, 0x00000000ed700000, 0x0000000100000000)
  eden space 29696K, 0% used [0x00000000eab00000,0x00000000eab00000,0x00000000ec800000)
  from space 5120K, 57% used [0x00000000ecc80000,0x00000000ecf65920,0x00000000ed180000)
  to   space 4608K, 0% used [0x00000000ec800000,0x00000000ec800000,0x00000000ecc80000)
 ParOldGen       total 27648K, used 14399K [0x00000000c0000000, 0x00000000c1b00000, 0x00000000eab00000)
  object space 27648K, 52% used [0x00000000c0000000,0x00000000c0e0fd40,0x00000000c1b00000)
 Metaspace       used 33663K, capacity 34336K, committed 34432K, reserved 1079296K
  class space    used 4746K, capacity 4945K, committed 4992K, reserved 1048576K
}

