# JRE version: Java(TM) SE Runtime Environment (8.0_231-b11) (build 1.8.0_231-b11)
# Java VM: Java HotSpot(TM) 64-Bit Server VM (25.231-b11 mixed mode windows-amd64 compressed oops)
Heap:
 PSYoungGen      total 282624K, used 214006K [0x00000000eab00000, 0x0000000100000000, 0x0000000100000000)
  eden space 216064K, 83% used [0x00000000eab00000,0x00000000f5a55c08,0x00000000f7e00000)
  from space 66560K, 51% used [0x00000000f7e00000,0x00000000f9fa7d88,0x00000000fbf00000)
  to   space 65536K, 0% used [0x00000000fc000000,0x00000000fc000000,0x0000000100000000)
 ParOldGen       total 174080K, used 123792K [0x00000000c0000000, 0x00000000caa00000, 0x00000000eab00000)
  object space 174080K, 71% used [0x00000000c0000000,0x00000000c78e4138,0x00000000caa00000)
 Metaspace       used 126643K, capacity 129959K, committed 130176K, reserved 1163264K
  class space    used 16207K, capacity 17000K, committed 17024K, reserved 1048576K
GC Heap History (10 events):
Event: 112.053 GC heap before
{Heap before GC invocations=24 (full 4):
 PSYoungGen      total 291840K, used 282372K [0x00000000eab00000, 0x0000000100000000, 0x0000000100000000)
  eden space 252928K, 100% used [0x00000000eab00000,0x00000000fa200000,0x00000000fa200000)
  from space 38912K, 75% used [0x00000000fa200000,0x00000000fbec1290,0x00000000fc800000)
  to   space 41472K, 0% used [0x00000000fd780000,0x00000000fd780000,0x0000000100000000)
 ParOldGen       total 174080K, used 88587K [0x00000000c0000000, 0x00000000caa00000, 0x00000000eab00000)
  object space 174080K, 50% used [0x00000000c0000000,0x00000000c5682d40,0x00000000caa00000)
 Metaspace       used 76811K, capacity 79046K, committed 79232K, reserved 1118208K
  class space    used 10220K, capacity 10758K, committed 10880K, reserved 1048576K
Event: 112.095 GC heap after
Heap after GC invocations=24 (full 4):
 PSYoungGen      total 307712K, used 23895K [0x00000000eab00000, 0x0000000100000000, 0x0000000100000000)
  eden space 266240K, 0% used [0x00000000eab00000,0x00000000eab00000,0x00000000faf00000)
  from space 41472K, 57% used [0x00000000fd780000,0x00000000feed5c58,0x0000000100000000)
  to   space 41472K, 0% used [0x00000000faf00000,0x00000000faf00000,0x00000000fd780000)
 ParOldGen       total 174080K, used 88595K [0x00000000c0000000, 0x00000000caa00000, 0x00000000eab00000)
  object space 174080K, 50% used [0x00000000c0000000,0x00000000c5684d40,0x00000000caa00000)
 Metaspace       used 76811K, capacity 79046K, committed 79232K, reserved 1118208K
  class space    used 10220K, capacity 10758K, committed 10880K, reserved 1048576K
}
Event: 139.536 GC heap before
{Heap before GC invocations=25 (full 4):
 PSYoungGen      total 307712K, used 290135K [0x00000000eab00000, 0x0000000100000000, 0x0000000100000000)
  eden space 266240K, 100% used [0x00000000eab00000,0x00000000faf00000,0x00000000faf00000)
  from space 41472K, 57% used [0x00000000fd780000,0x00000000feed5c58,0x0000000100000000)
  to   space 41472K, 0% used [0x00000000faf00000,0x00000000faf00000,0x00000000fd780000)
 ParOldGen       total 174080K, used 88595K [0x00000000c0000000, 0x00000000caa00000, 0x00000000eab00000)
  object space 174080K, 50% used [0x00000000c0000000,0x00000000c5684d40,0x00000000caa00000)
 Metaspace       used 95760K, capacity 98453K, committed 98688K, reserved 1134592K
  class space    used 12428K, capacity 13057K, committed 13184K, reserved 1048576K
Event: 139.608 GC heap after
Heap after GC invocations=25 (full 4):
 PSYoungGen      total 307712K, used 41467K [0x00000000eab00000, 0x0000000100000000, 0x0000000100000000)
  eden space 266240K, 0% used [0x00000000eab00000,0x00000000eab00000,0x00000000faf00000)
  from space 41472K, 99% used [0x00000000faf00000,0x00000000fd77ec18,0x00000000fd780000)
  to   space 41472K, 0% used [0x00000000fd780000,0x00000000fd780000,0x0000000100000000)
 ParOldGen       total 174080K, used 99303K [0x00000000c0000000, 0x00000000caa00000, 0x00000000eab00000)
  object space 174080K, 57% used [0x00000000c0000000,0x00000000c60f9ec8,0x00000000caa00000)
 Metaspace       used 95760K, capacity 98453K, committed 98688K, reserved 1134592K
  class space    used 12428K, capacity 13057K, committed 13184K, reserved 1048576K
}
Event: 146.625 GC heap before
{Heap before GC invocations=26 (full 4):
 PSYoungGen      total 307712K, used 196253K [0x00000000eab00000, 0x0000000100000000, 0x0000000100000000)
  eden space 266240K, 58% used [0x00000000eab00000,0x00000000f4228898,0x00000000faf00000)
  from space 41472K, 99% used [0x00000000faf00000,0x00000000fd77ec18,0x00000000fd780000)
  to   space 41472K, 0% used [0x00000000fd780000,0x00000000fd780000,0x0000000100000000)
 ParOldGen       total 174080K, used 99303K [0x00000000c0000000, 0x00000000caa00000, 0x00000000eab00000)
  object space 174080K, 57% used [0x00000000c0000000,0x00000000c60f9ec8,0x00000000caa00000)
 Metaspace       used 116816K, capacity 119901K, committed 120064K, reserved 1153024K
  class space    used 15256K, capacity 16011K, committed 16128K, reserved 1048576K
Event: 146.740 GC heap after
Heap after GC invocations=26 (full 4):
 PSYoungGen      total 257536K, used 41470K [0x00000000eab00000, 0x0000000100000000, 0x0000000100000000)
  eden space 216064K, 0% used [0x00000000eab00000,0x00000000eab00000,0x00000000f7e00000)
  from space 41472K, 99% used [0x00000000fd780000,0x00000000fffffa20,0x0000000100000000)
  to   space 66560K, 0% used [0x00000000f7e00000,0x00000000f7e00000,0x00000000fbf00000)
 ParOldGen       total 174080K, used 127196K [0x00000000c0000000, 0x00000000caa00000, 0x00000000eab00000)
  object space 174080K, 73% used [0x00000000c0000000,0x00000000c7c37230,0x00000000caa00000)
 Metaspace       used 116816K, capacity 119901K, committed 120064K, reserved 1153024K
  class space    used 15256K, capacity 16011K, committed 16128K, reserved 1048576K
}
Event: 146.740 GC heap before
{Heap before GC invocations=27 (full 5):
 PSYoungGen      total 257536K, used 41470K [0x00000000eab00000, 0x0000000100000000, 0x0000000100000000)
  eden space 216064K, 0% used [0x00000000eab00000,0x00000000eab00000,0x00000000f7e00000)
  from space 41472K, 99% used [0x00000000fd780000,0x00000000fffffa20,0x0000000100000000)
  to   space 66560K, 0% used [0x00000000f7e00000,0x00000000f7e00000,0x00000000fbf00000)
 ParOldGen       total 174080K, used 127196K [0x00000000c0000000, 0x00000000caa00000, 0x00000000eab00000)
  object space 174080K, 73% used [0x00000000c0000000,0x00000000c7c37230,0x00000000caa00000)
 Metaspace       used 116816K, capacity 119901K, committed 120064K, reserved 1153024K
  class space    used 15256K, capacity 16011K, committed 16128K, reserved 1048576K
Event: 147.299 GC heap after
Heap after GC invocations=27 (full 5):
 PSYoungGen      total 257536K, used 0K [0x00000000eab00000, 0x0000000100000000, 0x0000000100000000)
  eden space 216064K, 0% used [0x00000000eab00000,0x00000000eab00000,0x00000000f7e00000)
  from space 41472K, 0% used [0x00000000fd780000,0x00000000fd780000,0x0000000100000000)
  to   space 66560K, 0% used [0x00000000f7e00000,0x00000000f7e00000,0x00000000fbf00000)
 ParOldGen       total 174080K, used 123784K [0x00000000c0000000, 0x00000000caa00000, 0x00000000eab00000)
  object space 174080K, 71% used [0x00000000c0000000,0x00000000c78e2138,0x00000000caa00000)
 Metaspace       used 116780K, capacity 119799K, committed 120064K, reserved 1153024K
  class space    used 15244K, capacity 15992K, committed 16128K, reserved 1048576K
}
Event: 158.557 GC heap before
{Heap before GC invocations=28 (full 5):
 PSYoungGen      total 257536K, used 216064K [0x00000000eab00000, 0x0000000100000000, 0x0000000100000000)
  eden space 216064K, 100% used [0x00000000eab00000,0x00000000f7e00000,0x00000000f7e00000)
  from space 41472K, 0% used [0x00000000fd780000,0x00000000fd780000,0x0000000100000000)
  to   space 66560K, 0% used [0x00000000f7e00000,0x00000000f7e00000,0x00000000fbf00000)
 ParOldGen       total 174080K, used 123784K [0x00000000c0000000, 0x00000000caa00000, 0x00000000eab00000)
  object space 174080K, 71% used [0x00000000c0000000,0x00000000c78e2138,0x00000000caa00000)
 Metaspace       used 125018K, capacity 128279K, committed 128512K, reserved 1161216K
  class space    used 16107K, capacity 16852K, committed 16896K, reserved 1048576K
Event: 158.638 GC heap after
Heap after GC invocations=28 (full 5):
 PSYoungGen      total 282624K, used 34463K [0x00000000eab00000, 0x0000000100000000, 0x0000000100000000)
  eden space 216064K, 0% used [0x00000000eab00000,0x00000000eab00000,0x00000000f7e00000)
  from space 66560K, 51% used [0x00000000f7e00000,0x00000000f9fa7d88,0x00000000fbf00000)
  to   space 65536K, 0% used [0x00000000fc000000,0x00000000fc000000,0x0000000100000000)
 ParOldGen       total 174080K, used 123792K [0x00000000c0000000, 0x00000000caa00000, 0x00000000eab00000)
  object space 174080K, 71% used [0x00000000c0000000,0x00000000c78e4138,0x00000000caa00000)
 Metaspace       used 125018K, capacity 128279K, committed 128512K, reserved 1161216K
  class space    used 16107K, capacity 16852K, committed 16896K, reserved 1048576K
}

