# JRE version: Java(TM) SE Runtime Environment (8.0_231-b11) (build 1.8.0_231-b11)
# Java VM: Java HotSpot(TM) 64-Bit Server VM (25.231-b11 mixed mode windows-amd64 compressed oops)
Heap:
 PSYoungGen      total 304128K, used 304080K [0x00000000eab00000, 0x00000000ffd00000, 0x0000000100000000)
  eden space 297472K, 100% used [0x00000000eab00000,0x00000000fcd80000,0x00000000fcd80000)
  from space 6656K, 99% used [0x00000000fcd80000,0x00000000fd3f4208,0x00000000fd400000)
  to   space 24064K, 34% used [0x00000000fe580000,0x00000000feda0040,0x00000000ffd00000)
 ParOldGen       total 143872K, used 93378K [0x00000000c0000000, 0x00000000c8c80000, 0x00000000eab00000)
  object space 143872K, 64% used [0x00000000c0000000,0x00000000c5b30a30,0x00000000c8c80000)
 Metaspace       used 97686K, capacity 101384K, committed 101720K, reserved 1138688K
  class space    used 12563K, capacity 13391K, committed 13440K, reserved 1048576K
GC Heap History (10 events):
Event: 316.817 GC heap before
{Heap before GC invocations=35 (full 4):
 PSYoungGen      total 319488K, used 301378K [0x00000000eab00000, 0x00000000ffe00000, 0x0000000100000000)
  eden space 293888K, 100% used [0x00000000eab00000,0x00000000fca00000,0x00000000fca00000)
  from space 25600K, 29% used [0x00000000fe500000,0x00000000fec508b8,0x00000000ffe00000)
  to   space 26624K, 0% used [0x00000000fca00000,0x00000000fca00000,0x00000000fe400000)
 ParOldGen       total 143872K, used 88464K [0x00000000c0000000, 0x00000000c8c80000, 0x00000000eab00000)
  object space 143872K, 61% used [0x00000000c0000000,0x00000000c5664340,0x00000000c8c80000)
 Metaspace       used 88576K, capacity 92084K, committed 92120K, reserved 1128448K
  class space    used 11509K, capacity 12253K, committed 12288K, reserved 1048576K
Event: 316.845 GC heap after
Heap after GC invocations=35 (full 4):
 PSYoungGen      total 320512K, used 9536K [0x00000000eab00000, 0x00000000fff00000, 0x0000000100000000)
  eden space 293888K, 0% used [0x00000000eab00000,0x00000000eab00000,0x00000000fca00000)
  from space 26624K, 35% used [0x00000000fca00000,0x00000000fd3502d8,0x00000000fe400000)
  to   space 25600K, 0% used [0x00000000fe600000,0x00000000fe600000,0x00000000fff00000)
 ParOldGen       total 143872K, used 90433K [0x00000000c0000000, 0x00000000c8c80000, 0x00000000eab00000)
  object space 143872K, 62% used [0x00000000c0000000,0x00000000c5850460,0x00000000c8c80000)
 Metaspace       used 88576K, capacity 92084K, committed 92120K, reserved 1128448K
  class space    used 11509K, capacity 12253K, committed 12288K, reserved 1048576K
}
Event: 338.870 GC heap before
{Heap before GC invocations=36 (full 4):
 PSYoungGen      total 320512K, used 303424K [0x00000000eab00000, 0x00000000fff00000, 0x0000000100000000)
  eden space 293888K, 100% used [0x00000000eab00000,0x00000000fca00000,0x00000000fca00000)
  from space 26624K, 35% used [0x00000000fca00000,0x00000000fd3502d8,0x00000000fe400000)
  to   space 25600K, 0% used [0x00000000fe600000,0x00000000fe600000,0x00000000fff00000)
 ParOldGen       total 143872K, used 90433K [0x00000000c0000000, 0x00000000c8c80000, 0x00000000eab00000)
  object space 143872K, 62% used [0x00000000c0000000,0x00000000c5850460,0x00000000c8c80000)
 Metaspace       used 88824K, capacity 92282K, committed 92504K, reserved 1130496K
  class space    used 11547K, capacity 12318K, committed 12416K, reserved 1048576K
Event: 338.878 GC heap after
Heap after GC invocations=36 (full 4):
 PSYoungGen      total 322048K, used 864K [0x00000000eab00000, 0x0000000100000000, 0x0000000100000000)
  eden space 296448K, 0% used [0x00000000eab00000,0x00000000eab00000,0x00000000fcc80000)
  from space 25600K, 3% used [0x00000000fe600000,0x00000000fe6d8000,0x00000000fff00000)
  to   space 26112K, 0% used [0x00000000fcc80000,0x00000000fcc80000,0x00000000fe600000)
 ParOldGen       total 143872K, used 93346K [0x00000000c0000000, 0x00000000c8c80000, 0x00000000eab00000)
  object space 143872K, 64% used [0x00000000c0000000,0x00000000c5b28a30,0x00000000c8c80000)
 Metaspace       used 88824K, capacity 92282K, committed 92504K, reserved 1130496K
  class space    used 11547K, capacity 12318K, committed 12416K, reserved 1048576K
}
Event: 483.470 GC heap before
{Heap before GC invocations=37 (full 4):
 PSYoungGen      total 322048K, used 297312K [0x00000000eab00000, 0x0000000100000000, 0x0000000100000000)
  eden space 296448K, 100% used [0x00000000eab00000,0x00000000fcc80000,0x00000000fcc80000)
  from space 25600K, 3% used [0x00000000fe600000,0x00000000fe6d8000,0x00000000fff00000)
  to   space 26112K, 0% used [0x00000000fcc80000,0x00000000fcc80000,0x00000000fe600000)
 ParOldGen       total 143872K, used 93346K [0x00000000c0000000, 0x00000000c8c80000, 0x00000000eab00000)
  object space 143872K, 64% used [0x00000000c0000000,0x00000000c5b28a30,0x00000000c8c80000)
 Metaspace       used 90804K, capacity 94432K, committed 94552K, reserved 1130496K
  class space    used 11823K, capacity 12589K, committed 12672K, reserved 1048576K
Event: 483.480 GC heap after
Heap after GC invocations=37 (full 4):
 PSYoungGen      total 322560K, used 3850K [0x00000000eab00000, 0x00000000fff80000, 0x0000000100000000)
  eden space 296448K, 0% used [0x00000000eab00000,0x00000000eab00000,0x00000000fcc80000)
  from space 26112K, 14% used [0x00000000fcc80000,0x00000000fd042820,0x00000000fe600000)
  to   space 25600K, 0% used [0x00000000fe680000,0x00000000fe680000,0x00000000fff80000)
 ParOldGen       total 143872K, used 93354K [0x00000000c0000000, 0x00000000c8c80000, 0x00000000eab00000)
  object space 143872K, 64% used [0x00000000c0000000,0x00000000c5b2aa30,0x00000000c8c80000)
 Metaspace       used 90804K, capacity 94432K, committed 94552K, reserved 1130496K
  class space    used 11823K, capacity 12589K, committed 12672K, reserved 1048576K
}
Event: 487.021 GC heap before
{Heap before GC invocations=38 (full 4):
 PSYoungGen      total 322560K, used 300298K [0x00000000eab00000, 0x00000000fff80000, 0x0000000100000000)
  eden space 296448K, 100% used [0x00000000eab00000,0x00000000fcc80000,0x00000000fcc80000)
  from space 26112K, 14% used [0x00000000fcc80000,0x00000000fd042820,0x00000000fe600000)
  to   space 25600K, 0% used [0x00000000fe680000,0x00000000fe680000,0x00000000fff80000)
 ParOldGen       total 143872K, used 93354K [0x00000000c0000000, 0x00000000c8c80000, 0x00000000eab00000)
  object space 143872K, 64% used [0x00000000c0000000,0x00000000c5b2aa30,0x00000000c8c80000)
 Metaspace       used 90816K, capacity 94434K, committed 94552K, reserved 1130496K
  class space    used 11824K, capacity 12590K, committed 12672K, reserved 1048576K
Event: 487.028 GC heap after
Heap after GC invocations=38 (full 4):
 PSYoungGen      total 323072K, used 2304K [0x00000000eab00000, 0x00000000fff80000, 0x0000000100000000)
  eden space 297472K, 0% used [0x00000000eab00000,0x00000000eab00000,0x00000000fcd80000)
  from space 25600K, 9% used [0x00000000fe680000,0x00000000fe8c0040,0x00000000fff80000)
  to   space 25600K, 0% used [0x00000000fcd80000,0x00000000fcd80000,0x00000000fe680000)
 ParOldGen       total 143872K, used 93354K [0x00000000c0000000, 0x00000000c8c80000, 0x00000000eab00000)
  object space 143872K, 64% used [0x00000000c0000000,0x00000000c5b2aa30,0x00000000c8c80000)
 Metaspace       used 90816K, capacity 94434K, committed 94552K, reserved 1130496K
  class space    used 11824K, capacity 12590K, committed 12672K, reserved 1048576K
}
Event: 491.138 GC heap before
{Heap before GC invocations=39 (full 4):
 PSYoungGen      total 323072K, used 299776K [0x00000000eab00000, 0x00000000fff80000, 0x0000000100000000)
  eden space 297472K, 100% used [0x00000000eab00000,0x00000000fcd80000,0x00000000fcd80000)
  from space 25600K, 9% used [0x00000000fe680000,0x00000000fe8c0040,0x00000000fff80000)
  to   space 25600K, 0% used [0x00000000fcd80000,0x00000000fcd80000,0x00000000fe680000)
 ParOldGen       total 143872K, used 93354K [0x00000000c0000000, 0x00000000c8c80000, 0x00000000eab00000)
  object space 143872K, 64% used [0x00000000c0000000,0x00000000c5b2aa30,0x00000000c8c80000)
 Metaspace       used 94688K, capacity 98306K, committed 98392K, reserved 1134592K
  class space    used 12340K, capacity 13134K, committed 13184K, reserved 1048576K
Event: 491.158 GC heap after
Heap after GC invocations=39 (full 4):
 PSYoungGen      total 304128K, used 6608K [0x00000000eab00000, 0x00000000ffd00000, 0x0000000100000000)
  eden space 297472K, 0% used [0x00000000eab00000,0x00000000eab00000,0x00000000fcd80000)
  from space 6656K, 99% used [0x00000000fcd80000,0x00000000fd3f4208,0x00000000fd400000)
  to   space 24064K, 0% used [0x00000000fe580000,0x00000000fe580000,0x00000000ffd00000)
 ParOldGen       total 143872K, used 93362K [0x00000000c0000000, 0x00000000c8c80000, 0x00000000eab00000)
  object space 143872K, 64% used [0x00000000c0000000,0x00000000c5b2ca30,0x00000000c8c80000)
 Metaspace       used 94688K, capacity 98306K, committed 98392K, reserved 1134592K
  class space    used 12340K, capacity 13134K, committed 13184K, reserved 1048576K
}

